[25-Jul-2024 14:02:59 UTC] PHP Fatal error:  Uncaught Error: Undefined constant "myname" in C:\Users\Sam\Local Sites\fictional-university\app\public\experiment.php:7
Stack trace:
#0 {main}
  thrown in C:\Users\Sam\Local Sites\fictional-university\app\public\experiment.php on line 7
[25-Jul-2024 14:59:14 UTC] PHP Parse error:  syntax error, unexpected variable "$count" in C:\Users\Sam\Local Sites\fictional-university\app\public\wp-content\themes\fictional-university-theme\index.php on line 5
[25-Jul-2024 14:59:43 UTC] PHP Parse error:  syntax error, unexpected variable "$count" in C:\Users\Sam\Local Sites\fictional-university\app\public\wp-content\themes\fictional-university-theme\index.php on line 5
[25-Jul-2024 15:01:01 UTC] PHP Parse error:  syntax error, unexpected variable "$count" in C:\Users\Sam\Local Sites\fictional-university\app\public\wp-content\themes\fictional-university-theme\index.php on line 5
[25-Jul-2024 15:01:14 UTC] PHP Parse error:  syntax error, unexpected variable "$count" in C:\Users\Sam\Local Sites\fictional-university\app\public\wp-content\themes\fictional-university-theme\index.php on line 5
[25-Jul-2024 15:02:24 UTC] PHP Parse error:  syntax error, unexpected variable "$count", expecting "," or ";" in C:\Users\Sam\Local Sites\fictional-university\app\public\wp-content\themes\fictional-university-theme\index.php on line 9
[25-Jul-2024 15:38:06 UTC] PHP Fatal error:  Uncaught Error: Call to undefined function have_post() in C:\Users\Sam\Local Sites\fictional-university\app\public\wp-content\themes\fictional-university-theme\index.php:4
Stack trace:
#0 C:\Users\Sam\Local Sites\fictional-university\app\public\wp-includes\template-loader.php(106): include()
#1 C:\Users\Sam\Local Sites\fictional-university\app\public\wp-blog-header.php(19): require_once('C:\\Users\\Sam\\Lo...')
#2 C:\Users\Sam\Local Sites\fictional-university\app\public\index.php(17): require('C:\\Users\\Sam\\Lo...')
#3 {main}
  thrown in C:\Users\Sam\Local Sites\fictional-university\app\public\wp-content\themes\fictional-university-theme\index.php on line 4
[25-Jul-2024 15:38:23 UTC] PHP Fatal error:  Uncaught Error: Call to undefined function have_post() in C:\Users\Sam\Local Sites\fictional-university\app\public\wp-content\themes\fictional-university-theme\index.php:4
Stack trace:
#0 C:\Users\Sam\Local Sites\fictional-university\app\public\wp-includes\template-loader.php(106): include()
#1 C:\Users\Sam\Local Sites\fictional-university\app\public\wp-blog-header.php(19): require_once('C:\\Users\\Sam\\Lo...')
#2 C:\Users\Sam\Local Sites\fictional-university\app\public\index.php(17): require('C:\\Users\\Sam\\Lo...')
#3 {main}
  thrown in C:\Users\Sam\Local Sites\fictional-university\app\public\wp-content\themes\fictional-university-theme\index.php on line 4
[25-Jul-2024 21:07:11 UTC] PHP Fatal error:  Uncaught Error: Undefined constant "the_title" in C:\Users\Sam\Local Sites\fictional-university\app\public\wp-content\themes\fictional-university-theme\index.php:13
Stack trace:
#0 C:\Users\Sam\Local Sites\fictional-university\app\public\wp-includes\template-loader.php(106): include()
#1 C:\Users\Sam\Local Sites\fictional-university\app\public\wp-blog-header.php(19): require_once('C:\\Users\\Sam\\Lo...')
#2 C:\Users\Sam\Local Sites\fictional-university\app\public\index.php(17): require('C:\\Users\\Sam\\Lo...')
#3 {main}
  thrown in C:\Users\Sam\Local Sites\fictional-university\app\public\wp-content\themes\fictional-university-theme\index.php on line 13
[25-Jul-2024 21:07:37 UTC] PHP Fatal error:  Uncaught Error: Undefined constant "the_title" in C:\Users\Sam\Local Sites\fictional-university\app\public\wp-content\themes\fictional-university-theme\index.php:13
Stack trace:
#0 C:\Users\Sam\Local Sites\fictional-university\app\public\wp-includes\template-loader.php(106): include()
#1 C:\Users\Sam\Local Sites\fictional-university\app\public\wp-blog-header.php(19): require_once('C:\\Users\\Sam\\Lo...')
#2 C:\Users\Sam\Local Sites\fictional-university\app\public\index.php(17): require('C:\\Users\\Sam\\Lo...')
#3 {main}
  thrown in C:\Users\Sam\Local Sites\fictional-university\app\public\wp-content\themes\fictional-university-theme\index.php on line 13
[25-Jul-2024 21:07:40 UTC] PHP Fatal error:  Uncaught Error: Undefined constant "the_title" in C:\Users\Sam\Local Sites\fictional-university\app\public\wp-content\themes\fictional-university-theme\index.php:13
Stack trace:
#0 C:\Users\Sam\Local Sites\fictional-university\app\public\wp-includes\template-loader.php(106): include()
#1 C:\Users\Sam\Local Sites\fictional-university\app\public\wp-blog-header.php(19): require_once('C:\\Users\\Sam\\Lo...')
#2 C:\Users\Sam\Local Sites\fictional-university\app\public\index.php(17): require('C:\\Users\\Sam\\Lo...')
#3 {main}
  thrown in C:\Users\Sam\Local Sites\fictional-university\app\public\wp-content\themes\fictional-university-theme\index.php on line 13
[25-Jul-2024 21:07:40 UTC] PHP Fatal error:  Uncaught Error: Undefined constant "the_title" in C:\Users\Sam\Local Sites\fictional-university\app\public\wp-content\themes\fictional-university-theme\index.php:13
Stack trace:
#0 C:\Users\Sam\Local Sites\fictional-university\app\public\wp-includes\template-loader.php(106): include()
#1 C:\Users\Sam\Local Sites\fictional-university\app\public\wp-blog-header.php(19): require_once('C:\\Users\\Sam\\Lo...')
#2 C:\Users\Sam\Local Sites\fictional-university\app\public\index.php(17): require('C:\\Users\\Sam\\Lo...')
#3 {main}
  thrown in C:\Users\Sam\Local Sites\fictional-university\app\public\wp-content\themes\fictional-university-theme\index.php on line 13
